# JRE version: OpenJDK Runtime Environment Microsoft-8035246 (17.0.8+7) (build 17.0.8+7-LTS)
# Java VM: OpenJDK 64-Bit Server VM Microsoft-8035246 (17.0.8+7-LTS, mixed mode, sharing, tiered, compressed oops, compressed class ptrs, g1 gc, windows-amd64)
GC Precious Log:
 CPUs: 2 total, 2 available
 Memory: 6061M
 Large Page Support: Disabled
 NUMA Support: Disabled
 Compressed Oops: Enabled (32-bit)
 Heap Region Size: 1M
 Heap Min Capacity: 8M
 Heap Initial Capacity: 96M
 Heap Max Capacity: 2G
 Pre-touch: Disabled
 Parallel Workers: 2
 Concurrent Workers: 1
 Concurrent Refinement Workers: 2
 Periodic GC: Disabled
Heap:
 garbage-first heap   total 331776K, used 224549K [0x0000000080000000, 0x0000000100000000)
  region size 1024K, 25 young (25600K), 6 survivors (6144K)
 Metaspace       used 100204K, committed 101376K, reserved 557056K
  class space    used 13914K, committed 14464K, reserved 425984K
GC Heap History (20 events):
Event: 31.266 GC heap before
{Heap before GC invocations=30 (full 0):
 garbage-first heap   total 184320K, used 103049K [0x0000000080000000, 0x0000000100000000)
  region size 1024K, 9 young (9216K), 3 survivors (3072K)
 Metaspace       used 81148K, committed 81920K, reserved 557056K
  class space    used 11312K, committed 11648K, reserved 425984K
}
Event: 31.272 GC heap after
{Heap after GC invocations=31 (full 0):
 garbage-first heap   total 184320K, used 96689K [0x0000000080000000, 0x0000000100000000)
  region size 1024K, 1 young (1024K), 1 survivors (1024K)
 Metaspace       used 81148K, committed 81920K, reserved 557056K
  class space    used 11312K, committed 11648K, reserved 425984K
}
Event: 32.027 GC heap before
{Heap before GC invocations=31 (full 0):
 garbage-first heap   total 184320K, used 151985K [0x0000000080000000, 0x0000000100000000)
  region size 1024K, 55 young (56320K), 1 survivors (1024K)
 Metaspace       used 84973K, committed 85696K, reserved 557056K
  class space    used 11954K, committed 12288K, reserved 425984K
}
Event: 32.037 GC heap after
{Heap after GC invocations=32 (full 0):
 garbage-first heap   total 331776K, used 98459K [0x0000000080000000, 0x0000000100000000)
  region size 1024K, 3 young (3072K), 3 survivors (3072K)
 Metaspace       used 84973K, committed 85696K, reserved 557056K
  class space    used 11954K, committed 12288K, reserved 425984K
}
Event: 35.386 GC heap before
{Heap before GC invocations=33 (full 0):
 garbage-first heap   total 331776K, used 268443K [0x0000000080000000, 0x0000000100000000)
  region size 1024K, 162 young (165888K), 3 survivors (3072K)
 Metaspace       used 88742K, committed 89664K, reserved 557056K
  class space    used 12480K, committed 12928K, reserved 425984K
}
Event: 35.427 GC heap after
{Heap after GC invocations=34 (full 0):
 garbage-first heap   total 331776K, used 135241K [0x0000000080000000, 0x0000000100000000)
  region size 1024K, 21 young (21504K), 21 survivors (21504K)
 Metaspace       used 88742K, committed 89664K, reserved 557056K
  class space    used 12480K, committed 12928K, reserved 425984K
}
Event: 35.445 GC heap before
{Heap before GC invocations=34 (full 0):
 garbage-first heap   total 331776K, used 135241K [0x0000000080000000, 0x0000000100000000)
  region size 1024K, 22 young (22528K), 21 survivors (21504K)
 Metaspace       used 88742K, committed 89664K, reserved 557056K
  class space    used 12480K, committed 12928K, reserved 425984K
}
Event: 35.468 GC heap after
{Heap after GC invocations=35 (full 0):
 garbage-first heap   total 331776K, used 135461K [0x0000000080000000, 0x0000000100000000)
  region size 1024K, 1 young (1024K), 1 survivors (1024K)
 Metaspace       used 88742K, committed 89664K, reserved 557056K
  class space    used 12480K, committed 12928K, reserved 425984K
}
Event: 37.771 GC heap before
{Heap before GC invocations=35 (full 0):
 garbage-first heap   total 331776K, used 255269K [0x0000000080000000, 0x0000000100000000)
  region size 1024K, 113 young (115712K), 1 survivors (1024K)
 Metaspace       used 91257K, committed 92288K, reserved 557056K
  class space    used 12775K, committed 13248K, reserved 425984K
}
Event: 37.807 GC heap after
{Heap after GC invocations=36 (full 0):
 garbage-first heap   total 331776K, used 165669K [0x0000000080000000, 0x0000000100000000)
  region size 1024K, 15 young (15360K), 15 survivors (15360K)
 Metaspace       used 91257K, committed 92288K, reserved 557056K
  class space    used 12775K, committed 13248K, reserved 425984K
}
Event: 39.445 GC heap before
{Heap before GC invocations=36 (full 0):
 garbage-first heap   total 331776K, used 256805K [0x0000000080000000, 0x0000000100000000)
  region size 1024K, 103 young (105472K), 15 survivors (15360K)
 Metaspace       used 96536K, committed 97664K, reserved 557056K
  class space    used 13520K, committed 14080K, reserved 425984K
}
Event: 39.476 GC heap after
{Heap after GC invocations=37 (full 0):
 garbage-first heap   total 331776K, used 175909K [0x0000000080000000, 0x0000000100000000)
  region size 1024K, 9 young (9216K), 9 survivors (9216K)
 Metaspace       used 96536K, committed 97664K, reserved 557056K
  class space    used 13520K, committed 14080K, reserved 425984K
}
Event: 40.901 GC heap before
{Heap before GC invocations=37 (full 0):
 garbage-first heap   total 331776K, used 261925K [0x0000000080000000, 0x0000000100000000)
  region size 1024K, 93 young (95232K), 9 survivors (9216K)
 Metaspace       used 98409K, committed 99584K, reserved 557056K
  class space    used 13736K, committed 14272K, reserved 425984K
}
Event: 40.934 GC heap after
{Heap after GC invocations=38 (full 0):
 garbage-first heap   total 331776K, used 186149K [0x0000000080000000, 0x0000000100000000)
  region size 1024K, 11 young (11264K), 11 survivors (11264K)
 Metaspace       used 98409K, committed 99584K, reserved 557056K
  class space    used 13736K, committed 14272K, reserved 425984K
}
Event: 42.266 GC heap before
{Heap before GC invocations=38 (full 0):
 garbage-first heap   total 331776K, used 266021K [0x0000000080000000, 0x0000000100000000)
  region size 1024K, 89 young (91136K), 11 survivors (11264K)
 Metaspace       used 99445K, committed 100608K, reserved 557056K
  class space    used 13853K, committed 14400K, reserved 425984K
}
Event: 42.311 GC heap after
{Heap after GC invocations=39 (full 0):
 garbage-first heap   total 331776K, used 195365K [0x0000000080000000, 0x0000000100000000)
  region size 1024K, 9 young (9216K), 9 survivors (9216K)
 Metaspace       used 99445K, committed 100608K, reserved 557056K
  class space    used 13853K, committed 14400K, reserved 425984K
}
Event: 43.715 GC heap before
{Heap before GC invocations=39 (full 0):
 garbage-first heap   total 331776K, used 269093K [0x0000000080000000, 0x0000000100000000)
  region size 1024K, 82 young (83968K), 9 survivors (9216K)
 Metaspace       used 100045K, committed 101312K, reserved 557056K
  class space    used 13914K, committed 14464K, reserved 425984K
}
Event: 43.748 GC heap after
{Heap after GC invocations=40 (full 0):
 garbage-first heap   total 331776K, used 201509K [0x0000000080000000, 0x0000000100000000)
  region size 1024K, 7 young (7168K), 7 survivors (7168K)
 Metaspace       used 100045K, committed 101312K, reserved 557056K
  class space    used 13914K, committed 14464K, reserved 425984K
}
Event: 44.620 GC heap before
{Heap before GC invocations=40 (full 0):
 garbage-first heap   total 331776K, used 276261K [0x0000000080000000, 0x0000000100000000)
  region size 1024K, 76 young (77824K), 7 survivors (7168K)
 Metaspace       used 100204K, committed 101376K, reserved 557056K
  class space    used 13914K, committed 14464K, reserved 425984K
}
Event: 44.641 GC heap after
{Heap after GC invocations=41 (full 0):
 garbage-first heap   total 331776K, used 206117K [0x0000000080000000, 0x0000000100000000)
  region size 1024K, 6 young (6144K), 6 survivors (6144K)
 Metaspace       used 100204K, committed 101376K, reserved 557056K
  class space    used 13914K, committed 14464K, reserved 425984K
}

